\BOOKMARK [0][-]{figure.caption.1}{\376\377\000L\000E\000M\000B\000A\000R\000\040\000S\000A\000M\000P\000U\000L}{}% 1
\BOOKMARK [0][-]{figure.caption.1}{\376\377\000L\000E\000M\000B\000A\000R\000\040\000P\000E\000N\000G\000E\000S\000A\000H\000A\000N}{}% 2
\BOOKMARK [0][-]{chapter*.2}{\376\377\000D\000A\000F\000T\000A\000R\000\040\000I\000S\000I}{}% 3
\BOOKMARK [0][-]{chapter*.3}{\376\377\000D\000A\000F\000T\000A\000R\000\040\000T\000A\000B\000E\000L}{}% 4
\BOOKMARK [0][-]{chapter*.4}{\376\377\000D\000A\000F\000T\000A\000R\000\040\000G\000A\000M\000B\000A\000R}{}% 5
\BOOKMARK [0][-]{chapter*.5}{\376\377\000R\000I\000N\000G\000K\000A\000S\000A\000N}{}% 6
\BOOKMARK [0][-]{chapter.1}{\376\377\000P\000E\000N\000D\000A\000H\000U\000L\000U\000A\000N}{}% 7
\BOOKMARK [1][-]{section.1.1}{\376\377\000L\000a\000t\000a\000r\000\040\000B\000e\000l\000a\000k\000a\000n\000g\000\040\000M\000a\000s\000a\000l\000a\000h}{chapter.1}% 8
\BOOKMARK [1][-]{section.1.2}{\376\377\000R\000u\000m\000u\000s\000a\000n\000\040\000M\000a\000s\000a\000l\000a\000h}{chapter.1}% 9
\BOOKMARK [1][-]{section.1.3}{\376\377\000T\000u\000j\000u\000a\000n\000\040\000P\000e\000n\000e\000l\000i\000t\000i\000a\000n}{chapter.1}% 10
\BOOKMARK [1][-]{section.1.4}{\376\377\000B\000a\000t\000a\000s\000a\000n\000\040\000M\000a\000s\000a\000l\000a\000h}{chapter.1}% 11
\BOOKMARK [1][-]{section.1.5}{\376\377\000M\000a\000n\000f\000a\000a\000t\000\040\000P\000e\000n\000e\000l\000i\000t\000i\000a\000n}{chapter.1}% 12
\BOOKMARK [0][-]{chapter.2}{\376\377\000T\000I\000N\000J\000A\000U\000A\000N\000\040\000P\000U\000S\000T\000A\000K\000A}{}% 13
\BOOKMARK [1][-]{section.2.1}{\376\377\000S\000t\000a\000t\000e\000\040\000o\000f\000\040\000t\000h\000e\000\040\000A\000r\000t}{chapter.2}% 14
\BOOKMARK [1][-]{section.2.2}{\376\377\000T\000i\000n\000j\000a\000u\000a\000n\000\040\000T\000e\000o\000r\000i\000t\000i\000s}{chapter.2}% 15
\BOOKMARK [2][-]{subsection.2.2.1}{\376\377\000F\000l\000u\000t\000t\000e\000r}{section.2.2}% 16
\BOOKMARK [2][-]{subsection.2.2.2}{\376\377\000V\000i\000s\000u\000a\000l\000\040\000S\000t\000u\000d\000i\000o}{section.2.2}% 17
\BOOKMARK [2][-]{subsection.2.2.3}{\376\377\000U\000s\000e\000\040\000C\000a\000s\000e\000\040\000D\000i\000a\000g\000r\000a\000m}{section.2.2}% 18
\BOOKMARK [2][-]{subsection.2.2.4}{\376\377\000A\000n\000d\000r\000o\000i\000d}{section.2.2}% 19
\BOOKMARK [2][-]{subsection.2.2.5}{\376\377\000A\000n\000d\000r\000o\000i\000d\000\040\000S\000t\000u\000d\000i\000o}{section.2.2}% 20
\BOOKMARK [2][-]{subsection.2.2.6}{\376\377\000X\000A\000M\000P\000P}{section.2.2}% 21
\BOOKMARK [2][-]{subsection.2.2.7}{\376\377\000D\000o\000c\000k\000e\000r}{section.2.2}% 22
\BOOKMARK [2][-]{subsection.2.2.8}{\376\377\000B\000l\000a\000c\000k\000\040\000B\000o\000x}{section.2.2}% 23
\BOOKMARK [0][-]{chapter.3}{\376\377\000M\000E\000T\000O\000D\000O\000L\000O\000G\000I\000\040\000P\000E\000N\000E\000L\000I\000T\000I\000A\000N}{}% 24
\BOOKMARK [1][-]{section.3.1}{\376\377\000D\000a\000t\000a\000\040\000d\000a\000n\000\040\000P\000e\000n\000g\000u\000m\000p\000u\000l\000a\000n\000\040\000D\000a\000t\000a}{chapter.3}% 25
\BOOKMARK [1][-]{section.3.2}{\376\377\000R\000a\000n\000c\000a\000n\000g\000a\000n\000\040\000S\000i\000s\000t\000e\000m}{chapter.3}% 26
\BOOKMARK [2][-]{subsection.3.2.1}{\376\377\000R\000a\000n\000c\000a\000n\000g\000a\000n\000\040\000U\000s\000e\000\040\000C\000a\000s\000e\000\040\000D\000i\000a\000g\000r\000a\000m}{section.3.2}% 27
\BOOKMARK [2][-]{subsection.3.2.2}{\376\377\000D\000i\000a\000g\000r\000a\000m\000\040\000A\000c\000t\000i\000v\000i\000t\000y}{section.3.2}% 28
\BOOKMARK [1][-]{section.3.3}{\376\377\000M\000e\000t\000o\000d\000e\000\040\000P\000e\000n\000e\000l\000i\000t\000i\000a\000n}{chapter.3}% 29
\BOOKMARK [2][-]{subsection.3.3.1}{\376\377\000M\000e\000t\000o\000d\000o\000l\000o\000g\000i\000\040\000P\000e\000n\000e\000l\000i\000t\000i\000a\000n}{section.3.3}% 30
\BOOKMARK [2][-]{subsection.3.3.2}{\376\377\000P\000e\000r\000a\000n\000c\000a\000n\000g\000a\000n\000\040\000S\000i\000s\000t\000e\000m}{section.3.3}% 31
\BOOKMARK [2][-]{subsection.3.3.3}{\376\377\000I\000m\000p\000l\000e\000m\000e\000n\000t\000a\000s\000i}{section.3.3}% 32
\BOOKMARK [1][-]{section.3.4}{\376\377\000T\000e\000k\000n\000i\000k\000\040\000P\000e\000n\000g\000u\000j\000i\000a\000n}{chapter.3}% 33
\BOOKMARK [1][-]{section.3.5}{\376\377\000H\000a\000s\000i\000l\000\040\000y\000a\000n\000g\000\040\000d\000i\000h\000a\000r\000a\000p\000k\000a\000n}{chapter.3}% 34
\BOOKMARK [0][-]{chapter*.11}{\376\377\000J\000A\000D\000W\000A\000L\000\040\000K\000E\000G\000I\000A\000T\000A\000N\000\040\000P\000E\000N\000E\000L\000I\000T\000I\000A\000N}{}% 35
\BOOKMARK [0][-]{chapter*.13}{\376\377\000R\000E\000N\000C\000A\000N\000A\000\040\000A\000N\000G\000G\000A\000R\000A\000N\000\040\000P\000E\000N\000E\000L\000I\000T\000I\000A\000N}{}% 36
\BOOKMARK [0][-]{chapter*.15}{\376\377\000D\000A\000F\000T\000A\000R\000\040\000P\000U\000S\000T\000A\000K\000A}{}% 37
